<?xml version="1.0" encoding="UTF-8"?>
<!-- Generated by org.testng.reporters.JUnitReportReporter -->
<testsuite hostname="DESKTOP-UIFKND3" failures="0" tests="4" name="Flexicode.NewPGApplication.loginpage" time="62.247" errors="0" timestamp="2022-10-17T15:31:00 IST" skipped="0">
  <testcase classname="Flexicode.NewPGApplication.loginpage" name="basepagenavigation" time="15.466"/>
  <system-out/>
  <testcase classname="Flexicode.NewPGApplication.loginpage" name="basepagenavigation" time="13.013"/>
  <system-out/>
  <testcase classname="Flexicode.NewPGApplication.loginpage" name="basepagenavigation" time="20.248"/>
  <system-out/>
  <testcase classname="Flexicode.NewPGApplication.loginpage" name="basepagenavigation" time="13.520"/>
  <system-out/>
</testsuite> <!-- Flexicode.NewPGApplication.loginpage -->
