<?xml version="1.0" encoding="UTF-8"?>
<!-- Generated by org.testng.reporters.JUnitReportReporter -->
<testsuite hostname="DESKTOP-MG8G6EE" failures="0" tests="1" name="Flexicode.NewPGApplication.ErrorValidation" time="25.186" errors="0" timestamp="2022-12-01T10:28:17 IST" skipped="0">
  <testcase classname="Flexicode.NewPGApplication.ErrorValidation" name="LoginErrorValidation" time="25.186"/>
  <system-out/>
</testsuite> <!-- Flexicode.NewPGApplication.ErrorValidation -->
