<?xml version="1.0" encoding="UTF-8"?>
<!-- Generated by org.testng.reporters.JUnitReportReporter -->
<testsuite hostname="DESKTOP-UIFKND3" failures="0" tests="1" name="Flexicode.NewPGApplication.loginpage" time="14.489" errors="0" timestamp="2022-08-12T14:31:44 IST" skipped="0">
  <testcase classname="Flexicode.NewPGApplication.loginpage" name="basepagenavigation" time="14.489"/>
  <system-out/>
</testsuite> <!-- Flexicode.NewPGApplication.loginpage -->
