<?xml version="1.0" encoding="UTF-8"?>
<!-- Generated by org.testng.reporters.JUnitReportReporter -->
<testsuite hostname="DESKTOP-UIFKND3" failures="0" tests="4" name="Flexicode.NewPGApplication.loginpage" time="2.750" errors="0" timestamp="2022-08-30T17:22:42 IST" skipped="0">
  <testcase classname="Flexicode.NewPGApplication.loginpage" name="basepagenavigation" time="0.232"/>
  <system-out/>
  <testcase classname="Flexicode.NewPGApplication.loginpage" name="basepagenavigation" time="0.243"/>
  <system-out/>
  <testcase classname="Flexicode.NewPGApplication.loginpage" name="basepagenavigation" time="1.593"/>
  <system-out/>
  <testcase classname="Flexicode.NewPGApplication.loginpage" name="basepagenavigation" time="0.682"/>
  <system-out/>
</testsuite> <!-- Flexicode.NewPGApplication.loginpage -->
