<?xml version="1.0" encoding="UTF-8"?>
<!-- Generated by org.testng.reporters.JUnitReportReporter -->
<testsuite hostname="DESKTOP-UIFKND3" failures="0" tests="1" name="Flexicode.NewPGApplication.loginpage" time="10.611" errors="0" timestamp="2022-08-17T17:23:13 IST" skipped="0">
  <testcase classname="Flexicode.NewPGApplication.loginpage" name="basepagenavigation" time="10.611"/>
  <system-out/>
</testsuite> <!-- Flexicode.NewPGApplication.loginpage -->
