<?xml version="1.0" encoding="UTF-8"?>
<!-- Generated by org.testng.reporters.JUnitReportReporter -->
<testsuite hostname="DESKTOP-MG8G6EE" failures="0" tests="4" name="Flexicode.NewPGApplication.loginpage" time="60.000" errors="0" timestamp="2022-12-07T11:06:16 IST" skipped="0">
  <testcase classname="Flexicode.NewPGApplication.loginpage" name="basepagenavigation" time="23.881"/>
  <system-out/>
  <testcase classname="Flexicode.NewPGApplication.loginpage" name="basepagenavigation" time="15.337"/>
  <system-out/>
  <testcase classname="Flexicode.NewPGApplication.loginpage" name="basepagenavigation" time="10.063"/>
  <system-out/>
  <testcase classname="Flexicode.NewPGApplication.loginpage" name="basepagenavigation" time="10.719"/>
  <system-out/>
</testsuite> <!-- Flexicode.NewPGApplication.loginpage -->
